2015-02-20 20:07:06,678 INFO  [pl.wcislo.sbql4j.java.utils.SBQL4JStatement] Query before optimization: 
2015-02-20 20:07:06,681 INFO  [pl.wcislo.sbql4j.java.utils.SBQL4JStatement] dbConn.((Pilkarz as d where d.getImie() == u and d.getNazwisko() == ut) order by (d.getDruzyna().getNazwa()))
2015-02-20 20:07:06,688 INFO  [pl.wcislo.sbql4j.java.utils.SBQL4JStatement] Query after independent subqueries optimization: 
2015-02-20 20:07:06,688 INFO  [pl.wcislo.sbql4j.java.utils.SBQL4JStatement] dbConn.((Pilkarz as d where d.getImie() == u and d.getNazwisko() == ut) order by (d.getDruzyna().getNazwa()))
2015-02-20 20:07:06,719 INFO  [pl.wcislo.sbql4j.java.utils.SBQL4JStatement] Query after db4o index optimization: 
2015-02-20 20:07:06,719 INFO  [pl.wcislo.sbql4j.java.utils.SBQL4JStatement] dbConn.((Pilkarz as d where d.getImie() == u and d.getNazwisko() == ut) order by (d.getDruzyna().getNazwa()))
2015-02-20 20:07:06,727 INFO  [pl.wcislo.sbql4j.java.utils.SBQL4JStatement] Query before optimization: 
2015-02-20 20:07:06,727 INFO  [pl.wcislo.sbql4j.java.utils.SBQL4JStatement] dbConn.((Pilkarz as d where d.getNazwisko() == ut) order by (d.getDruzyna().getNazwa()))
2015-02-20 20:07:06,729 INFO  [pl.wcislo.sbql4j.java.utils.SBQL4JStatement] Query after independent subqueries optimization: 
2015-02-20 20:07:06,729 INFO  [pl.wcislo.sbql4j.java.utils.SBQL4JStatement] dbConn.((Pilkarz as d where d.getNazwisko() == ut) order by (d.getDruzyna().getNazwa()))
2015-02-20 20:07:06,732 INFO  [pl.wcislo.sbql4j.java.utils.SBQL4JStatement] Query after db4o index optimization: 
2015-02-20 20:07:06,732 INFO  [pl.wcislo.sbql4j.java.utils.SBQL4JStatement] dbConn.((Pilkarz as d where d.getNazwisko() == ut) order by (d.getDruzyna().getNazwa()))
2015-02-20 20:07:06,735 INFO  [pl.wcislo.sbql4j.java.utils.SBQL4JStatement] Query before optimization: 
2015-02-20 20:07:06,735 INFO  [pl.wcislo.sbql4j.java.utils.SBQL4JStatement] dbConn.((Pilkarz as d where d.getImie() == u) order by (d.getDruzyna().getNazwa()))
2015-02-20 20:07:06,737 INFO  [pl.wcislo.sbql4j.java.utils.SBQL4JStatement] Query after independent subqueries optimization: 
2015-02-20 20:07:06,737 INFO  [pl.wcislo.sbql4j.java.utils.SBQL4JStatement] dbConn.((Pilkarz as d where d.getImie() == u) order by (d.getDruzyna().getNazwa()))
2015-02-20 20:07:06,739 INFO  [pl.wcislo.sbql4j.java.utils.SBQL4JStatement] Query after db4o index optimization: 
2015-02-20 20:07:06,739 INFO  [pl.wcislo.sbql4j.java.utils.SBQL4JStatement] dbConn.((Pilkarz as d where d.getImie() == u) order by (d.getDruzyna().getNazwa()))
2015-02-20 20:07:06,741 INFO  [pl.wcislo.sbql4j.java.utils.SBQL4JStatement] Query before optimization: 
2015-02-20 20:07:06,741 INFO  [pl.wcislo.sbql4j.java.utils.SBQL4JStatement] dbConn.(Pilkarz as d order by (d.getDruzyna().getNazwa()))
2015-02-20 20:07:06,745 INFO  [pl.wcislo.sbql4j.java.utils.SBQL4JStatement] Query after independent subqueries optimization: 
2015-02-20 20:07:06,745 INFO  [pl.wcislo.sbql4j.java.utils.SBQL4JStatement] dbConn.(Pilkarz as d order by (d.getDruzyna().getNazwa()))
2015-02-20 20:07:06,747 INFO  [pl.wcislo.sbql4j.java.utils.SBQL4JStatement] Query after db4o index optimization: 
2015-02-20 20:07:06,747 INFO  [pl.wcislo.sbql4j.java.utils.SBQL4JStatement] dbConn.(Pilkarz as d order by (d.getDruzyna().getNazwa()))
2015-02-20 20:07:06,748 INFO  [pl.wcislo.sbql4j.java.utils.SBQL4JStatement] Query before optimization: 
2015-02-20 20:07:06,748 INFO  [pl.wcislo.sbql4j.java.utils.SBQL4JStatement] dbConn.(Druzyna where getNazwa() == u)
2015-02-20 20:07:06,749 INFO  [pl.wcislo.sbql4j.java.utils.SBQL4JStatement] Query after independent subqueries optimization: 
2015-02-20 20:07:06,749 INFO  [pl.wcislo.sbql4j.java.utils.SBQL4JStatement] dbConn.(Druzyna where getNazwa() == u)
2015-02-20 20:07:06,750 INFO  [pl.wcislo.sbql4j.java.utils.SBQL4JStatement] Query after db4o index optimization: 
2015-02-20 20:07:06,750 INFO  [pl.wcislo.sbql4j.java.utils.SBQL4JStatement] dbConn.(Druzyna where getNazwa() == u)
2015-02-20 20:07:06,753 INFO  [pl.wcislo.sbql4j.java.utils.SBQL4JStatement] Query before optimization: 
2015-02-20 20:07:06,753 INFO  [pl.wcislo.sbql4j.java.utils.SBQL4JStatement] dbConn.( count((Mecz where getDruzyna().getNazwa() == druzyna1)) as d1 join  count((Mecz where getDruzyna().getNazwa() == getDruzyna2())) as d2).(d1 == d2)
2015-02-20 20:07:06,756 INFO  [pl.wcislo.sbql4j.java.utils.SBQL4JStatement] Query after independent subqueries optimization: 
2015-02-20 20:07:06,756 INFO  [pl.wcislo.sbql4j.java.utils.SBQL4JStatement] dbConn.( count((Mecz where getDruzyna().getNazwa() == getDruzyna2())) as d2 group as _aux0).( count((Mecz where getDruzyna().getNazwa() == druzyna1)) as d1 join _aux0).(d1 == d2)
2015-02-20 20:07:06,758 INFO  [pl.wcislo.sbql4j.java.utils.SBQL4JStatement] Query after db4o index optimization: 
2015-02-20 20:07:06,758 INFO  [pl.wcislo.sbql4j.java.utils.SBQL4JStatement] dbConn.( count((Mecz where getDruzyna().getNazwa() == getDruzyna2())) as d2 group as _aux0).( count((Mecz where getDruzyna().getNazwa() == druzyna1)) as d1 join _aux0).(d1 == d2)
2015-02-20 20:07:06,760 INFO  [pl.wcislo.sbql4j.java.utils.SBQL4JStatement] Query before optimization: 
2015-02-20 20:07:06,760 INFO  [pl.wcislo.sbql4j.java.utils.SBQL4JStatement] dbConn.(Pilkarz where getWiek() == wiek2).getKontuzja()
2015-02-20 20:07:06,761 INFO  [pl.wcislo.sbql4j.java.utils.SBQL4JStatement] Query after independent subqueries optimization: 
2015-02-20 20:07:06,761 INFO  [pl.wcislo.sbql4j.java.utils.SBQL4JStatement] dbConn.(Pilkarz where getWiek() == wiek2).getKontuzja()
2015-02-20 20:07:06,763 INFO  [pl.wcislo.sbql4j.java.utils.SBQL4JStatement] Query after db4o index optimization: 
2015-02-20 20:07:06,763 INFO  [pl.wcislo.sbql4j.java.utils.SBQL4JStatement] dbConn.(Pilkarz where getWiek() == wiek2).getKontuzja()
2015-02-20 20:07:06,769 INFO  [pl.wcislo.sbql4j.java.utils.SBQL4JStatement] Query before optimization: 
2015-02-20 20:07:06,769 INFO  [pl.wcislo.sbql4j.java.utils.SBQL4JStatement] dbConn.(Druzyna where getNazwa() == wiek join  min(getLista_zawodnikow().getPremia()) as minimumpilkarz,  avg(getLista_zawodnikow().getPremia()) as averagepilkarz,  max(getLista_zawodnikow().getPremia()) as maximumpilkarz,  min(getListalekarzy().getPremia()) as minimumlekarz,  avg(getListalekarzy().getPremia()) as averagelekarz,  max(getListalekarzy().getPremia()) as maximumlekarz)
2015-02-20 20:07:06,771 INFO  [pl.wcislo.sbql4j.java.utils.SBQL4JStatement] Query after independent subqueries optimization: 
2015-02-20 20:07:06,771 INFO  [pl.wcislo.sbql4j.java.utils.SBQL4JStatement] dbConn.(Druzyna where getNazwa() == wiek join  min(getLista_zawodnikow().getPremia()) as minimumpilkarz,  avg(getLista_zawodnikow().getPremia()) as averagepilkarz,  max(getLista_zawodnikow().getPremia()) as maximumpilkarz,  min(getListalekarzy().getPremia()) as minimumlekarz,  avg(getListalekarzy().getPremia()) as averagelekarz,  max(getListalekarzy().getPremia()) as maximumlekarz)
2015-02-20 20:07:06,774 INFO  [pl.wcislo.sbql4j.java.utils.SBQL4JStatement] Query after db4o index optimization: 
2015-02-20 20:07:06,774 INFO  [pl.wcislo.sbql4j.java.utils.SBQL4JStatement] dbConn.(Druzyna where getNazwa() == wiek join  min(getLista_zawodnikow().getPremia()) as minimumpilkarz,  avg(getLista_zawodnikow().getPremia()) as averagepilkarz,  max(getLista_zawodnikow().getPremia()) as maximumpilkarz,  min(getListalekarzy().getPremia()) as minimumlekarz,  avg(getListalekarzy().getPremia()) as averagelekarz,  max(getListalekarzy().getPremia()) as maximumlekarz)
2015-02-20 20:07:06,777 INFO  [pl.wcislo.sbql4j.java.utils.SBQL4JStatement] Query before optimization: 
2015-02-20 20:07:06,777 INFO  [pl.wcislo.sbql4j.java.utils.SBQL4JStatement] dbConn.( max(Pilkarz.getPensja()) as pensja join  max(Pilkarz.getPremia()) as premia).(pensja + premia)
2015-02-20 20:07:06,779 INFO  [pl.wcislo.sbql4j.java.utils.SBQL4JStatement] Query after independent subqueries optimization: 
2015-02-20 20:07:06,779 INFO  [pl.wcislo.sbql4j.java.utils.SBQL4JStatement] dbConn.( max(Pilkarz.getPremia()) as premia group as _aux0).( max(Pilkarz.getPensja()) as pensja join _aux0).(pensja + premia)
2015-02-20 20:07:06,781 INFO  [pl.wcislo.sbql4j.java.utils.SBQL4JStatement] Query after db4o index optimization: 
2015-02-20 20:07:06,781 INFO  [pl.wcislo.sbql4j.java.utils.SBQL4JStatement] dbConn.( max(Pilkarz.getPremia()) as premia group as _aux0).( max(Pilkarz.getPensja()) as pensja join _aux0).(pensja + premia)
2015-02-20 20:07:06,783 INFO  [pl.wcislo.sbql4j.java.utils.SBQL4JStatement] Query before optimization: 
2015-02-20 20:07:06,784 INFO  [pl.wcislo.sbql4j.java.utils.SBQL4JStatement] dbConn.( count(Mecz) as m join  sum PilkarzMecz.getLiczba_zoltych_kartek() as ls join  sum PilkarzMecz.getLiczba_czerwonych_kartek() as lss).((ls/ m) as liczbazoltychkartek, (lss/ m) as liczbaczerwonychkartek)
2015-02-20 20:07:06,789 INFO  [pl.wcislo.sbql4j.java.utils.SBQL4JStatement] Query after independent subqueries optimization: 
2015-02-20 20:07:06,789 INFO  [pl.wcislo.sbql4j.java.utils.SBQL4JStatement] dbConn.( sum PilkarzMecz.getLiczba_czerwonych_kartek() as lss group as _aux0).(( sum PilkarzMecz.getLiczba_zoltych_kartek() as ls group as _aux1).( count(Mecz) as m join _aux1) join _aux0).((ls/ m) as liczbazoltychkartek, (lss/ m) as liczbaczerwonychkartek)
2015-02-20 20:07:06,791 INFO  [pl.wcislo.sbql4j.java.utils.SBQL4JStatement] Query after db4o index optimization: 
2015-02-20 20:07:06,791 INFO  [pl.wcislo.sbql4j.java.utils.SBQL4JStatement] dbConn.( sum PilkarzMecz.getLiczba_czerwonych_kartek() as lss group as _aux0).(( sum PilkarzMecz.getLiczba_zoltych_kartek() as ls group as _aux1).( count(Mecz) as m join _aux1) join _aux0).((ls/ m) as liczbazoltychkartek, (lss/ m) as liczbaczerwonychkartek)
2015-02-20 20:07:06,792 INFO  [pl.wcislo.sbql4j.java.utils.SBQL4JStatement] Query before optimization: 
2015-02-20 20:07:06,792 INFO  [pl.wcislo.sbql4j.java.utils.SBQL4JStatement] dbConn.( count(Mecz))
2015-02-20 20:07:06,792 INFO  [pl.wcislo.sbql4j.java.utils.SBQL4JStatement] Query after independent subqueries optimization: 
2015-02-20 20:07:06,792 INFO  [pl.wcislo.sbql4j.java.utils.SBQL4JStatement] dbConn.( count(Mecz))
2015-02-20 20:07:06,793 INFO  [pl.wcislo.sbql4j.java.utils.SBQL4JStatement] Query after db4o index optimization: 
2015-02-20 20:07:06,793 INFO  [pl.wcislo.sbql4j.java.utils.SBQL4JStatement] dbConn.( count(Mecz))
2015-02-20 20:07:06,794 INFO  [pl.wcislo.sbql4j.java.utils.SBQL4JStatement] Query before optimization: 
2015-02-20 20:07:06,794 INFO  [pl.wcislo.sbql4j.java.utils.SBQL4JStatement] dbConn.( count( unique Mecz.getNazwa_stadionu()))
2015-02-20 20:07:06,794 INFO  [pl.wcislo.sbql4j.java.utils.SBQL4JStatement] Query after independent subqueries optimization: 
2015-02-20 20:07:06,794 INFO  [pl.wcislo.sbql4j.java.utils.SBQL4JStatement] dbConn.( count( unique Mecz.getNazwa_stadionu()))
2015-02-20 20:07:06,796 INFO  [pl.wcislo.sbql4j.java.utils.SBQL4JStatement] Query after db4o index optimization: 
2015-02-20 20:07:06,796 INFO  [pl.wcislo.sbql4j.java.utils.SBQL4JStatement] dbConn.( count( unique Mecz.getNazwa_stadionu()))
2015-02-20 20:07:06,797 INFO  [pl.wcislo.sbql4j.java.utils.SBQL4JStatement] Query before optimization: 
2015-02-20 20:07:06,797 INFO  [pl.wcislo.sbql4j.java.utils.SBQL4JStatement] dbConn.(Mecz where getDruzyna().getNazwa() == druzyna1).getWynik()
2015-02-20 20:07:06,798 INFO  [pl.wcislo.sbql4j.java.utils.SBQL4JStatement] Query after independent subqueries optimization: 
2015-02-20 20:07:06,798 INFO  [pl.wcislo.sbql4j.java.utils.SBQL4JStatement] dbConn.(Mecz where getDruzyna().getNazwa() == druzyna1).getWynik()
2015-02-20 20:07:06,800 INFO  [pl.wcislo.sbql4j.java.utils.SBQL4JStatement] Query after db4o index optimization: 
2015-02-20 20:07:06,800 INFO  [pl.wcislo.sbql4j.java.utils.SBQL4JStatement] dbConn.(Mecz where getDruzyna().getNazwa() == druzyna1).getWynik()
2015-02-20 20:07:06,802 INFO  [pl.wcislo.sbql4j.java.utils.SBQL4JStatement] Query before optimization: 
2015-02-20 20:07:06,802 INFO  [pl.wcislo.sbql4j.java.utils.SBQL4JStatement] dbConn.(Mecz where getDruzyna2().getNazwa() == druzyna1).getWynik()
2015-02-20 20:07:06,803 INFO  [pl.wcislo.sbql4j.java.utils.SBQL4JStatement] Query after independent subqueries optimization: 
2015-02-20 20:07:06,803 INFO  [pl.wcislo.sbql4j.java.utils.SBQL4JStatement] dbConn.(Mecz where getDruzyna2().getNazwa() == druzyna1).getWynik()
2015-02-20 20:07:06,805 INFO  [pl.wcislo.sbql4j.java.utils.SBQL4JStatement] Query after db4o index optimization: 
2015-02-20 20:07:06,805 INFO  [pl.wcislo.sbql4j.java.utils.SBQL4JStatement] dbConn.(Mecz where getDruzyna2().getNazwa() == druzyna1).getWynik()
2015-02-20 20:07:06,806 INFO  [pl.wcislo.sbql4j.java.utils.SBQL4JStatement] Query before optimization: 
2015-02-20 20:07:06,806 INFO  [pl.wcislo.sbql4j.java.utils.SBQL4JStatement] dbConn.Mecz.getWynik()
2015-02-20 20:07:06,807 INFO  [pl.wcislo.sbql4j.java.utils.SBQL4JStatement] Query after independent subqueries optimization: 
2015-02-20 20:07:06,807 INFO  [pl.wcislo.sbql4j.java.utils.SBQL4JStatement] dbConn.Mecz.getWynik()
2015-02-20 20:07:06,810 INFO  [pl.wcislo.sbql4j.java.utils.SBQL4JStatement] Query after db4o index optimization: 
2015-02-20 20:07:06,810 INFO  [pl.wcislo.sbql4j.java.utils.SBQL4JStatement] dbConn.Mecz.getWynik()
2015-02-20 20:07:06,812 INFO  [pl.wcislo.sbql4j.java.utils.SBQL4JStatement] Query before optimization: 
2015-02-20 20:07:06,813 INFO  [pl.wcislo.sbql4j.java.utils.SBQL4JStatement] dbConn.(Mecz where getDruzyna().getNazwa() == nazwadruzyny).getWynik()
2015-02-20 20:07:06,813 INFO  [pl.wcislo.sbql4j.java.utils.SBQL4JStatement] Query after independent subqueries optimization: 
2015-02-20 20:07:06,813 INFO  [pl.wcislo.sbql4j.java.utils.SBQL4JStatement] dbConn.(Mecz where getDruzyna().getNazwa() == nazwadruzyny).getWynik()
2015-02-20 20:07:06,816 INFO  [pl.wcislo.sbql4j.java.utils.SBQL4JStatement] Query after db4o index optimization: 
2015-02-20 20:07:06,816 INFO  [pl.wcislo.sbql4j.java.utils.SBQL4JStatement] dbConn.(Mecz where getDruzyna().getNazwa() == nazwadruzyny).getWynik()
2015-02-20 20:07:06,817 INFO  [pl.wcislo.sbql4j.java.utils.SBQL4JStatement] Query before optimization: 
2015-02-20 20:07:06,817 INFO  [pl.wcislo.sbql4j.java.utils.SBQL4JStatement] dbConn.(Mecz where getDruzyna2().getNazwa() == nazwadruzyny).getWynik()
2015-02-20 20:07:06,818 INFO  [pl.wcislo.sbql4j.java.utils.SBQL4JStatement] Query after independent subqueries optimization: 
2015-02-20 20:07:06,818 INFO  [pl.wcislo.sbql4j.java.utils.SBQL4JStatement] dbConn.(Mecz where getDruzyna2().getNazwa() == nazwadruzyny).getWynik()
2015-02-20 20:07:06,820 INFO  [pl.wcislo.sbql4j.java.utils.SBQL4JStatement] Query after db4o index optimization: 
2015-02-20 20:07:06,820 INFO  [pl.wcislo.sbql4j.java.utils.SBQL4JStatement] dbConn.(Mecz where getDruzyna2().getNazwa() == nazwadruzyny).getWynik()
2015-02-20 20:07:06,822 INFO  [pl.wcislo.sbql4j.java.utils.SBQL4JStatement] Query before optimization: 
2015-02-20 20:07:06,822 INFO  [pl.wcislo.sbql4j.java.utils.SBQL4JStatement] dbConn.( unique Mecz.getNazwa_stadionu())
2015-02-20 20:07:06,822 INFO  [pl.wcislo.sbql4j.java.utils.SBQL4JStatement] Query after independent subqueries optimization: 
2015-02-20 20:07:06,823 INFO  [pl.wcislo.sbql4j.java.utils.SBQL4JStatement] dbConn.( unique Mecz.getNazwa_stadionu())
2015-02-20 20:07:06,824 INFO  [pl.wcislo.sbql4j.java.utils.SBQL4JStatement] Query after db4o index optimization: 
2015-02-20 20:07:06,824 INFO  [pl.wcislo.sbql4j.java.utils.SBQL4JStatement] dbConn.( unique Mecz.getNazwa_stadionu())
2015-02-20 20:07:06,825 INFO  [pl.wcislo.sbql4j.java.utils.SBQL4JStatement] Query before optimization: 
2015-02-20 20:07:06,825 INFO  [pl.wcislo.sbql4j.java.utils.SBQL4JStatement] dbConn.(Mecz where getNazwa_stadionu() == nazwast).getWynik()
2015-02-20 20:07:06,826 INFO  [pl.wcislo.sbql4j.java.utils.SBQL4JStatement] Query after independent subqueries optimization: 
2015-02-20 20:07:06,826 INFO  [pl.wcislo.sbql4j.java.utils.SBQL4JStatement] dbConn.(Mecz where getNazwa_stadionu() == nazwast).getWynik()
2015-02-20 20:07:06,827 INFO  [pl.wcislo.sbql4j.java.utils.SBQL4JStatement] Query after db4o index optimization: 
2015-02-20 20:07:06,827 INFO  [pl.wcislo.sbql4j.java.utils.SBQL4JStatement] dbConn.(Mecz where getNazwa_stadionu() == nazwast).getWynik()
2015-02-20 20:07:06,831 INFO  [pl.wcislo.sbql4j.java.utils.SBQL4JStatement] Query before optimization: 
2015-02-20 20:07:06,831 INFO  [pl.wcislo.sbql4j.java.utils.SBQL4JStatement] dbConn.(Druzyna as druzyna join  sum (PilkarzMecz as pm where pm.getPilkarz() in druzyna.getLista_zawodnikow()).(pm.getLiczba_zoltych_kartek() + pm.getLiczba_czerwonych_kartek()) as liczbakartek)
2015-02-20 20:07:06,836 INFO  [pl.wcislo.sbql4j.java.utils.SBQL4JStatement] Query after independent subqueries optimization: 
2015-02-20 20:07:06,836 INFO  [pl.wcislo.sbql4j.java.utils.SBQL4JStatement] dbConn.(PilkarzMecz as pm group as _aux0).(Druzyna as druzyna join  sum (_aux0 where pm.getPilkarz() in druzyna.getLista_zawodnikow()).(pm.getLiczba_zoltych_kartek() + pm.getLiczba_czerwonych_kartek()) as liczbakartek)
2015-02-20 20:07:06,838 INFO  [pl.wcislo.sbql4j.java.utils.SBQL4JStatement] Query after db4o index optimization: 
2015-02-20 20:07:06,838 INFO  [pl.wcislo.sbql4j.java.utils.SBQL4JStatement] dbConn.(PilkarzMecz as pm group as _aux0).(Druzyna as druzyna join  sum (_aux0 where pm.getPilkarz() in druzyna.getLista_zawodnikow()).(pm.getLiczba_zoltych_kartek() + pm.getLiczba_czerwonych_kartek()) as liczbakartek)
2015-02-20 20:07:06,842 INFO  [pl.wcislo.sbql4j.java.utils.SBQL4JStatement] Query before optimization: 
2015-02-20 20:07:06,842 INFO  [pl.wcislo.sbql4j.java.utils.SBQL4JStatement] dbConn.((0 as i close by (i + 100 where i <=  max(Pilkarz.getPensja())) as i join  count((Pilkarz where getPensja() >= i and getPensja() < i + 100)) as c).(c + " PilkarzY zarabia  pomiedzy  " + i + " i " + i + 99) as message)
2015-02-20 20:07:06,844 INFO  [pl.wcislo.sbql4j.java.utils.SBQL4JStatement] Query after independent subqueries optimization: 
2015-02-20 20:07:06,844 INFO  [pl.wcislo.sbql4j.java.utils.SBQL4JStatement] dbConn.((0 as i close by (i + 100 where i <=  max(Pilkarz.getPensja())) as i join  count((Pilkarz where getPensja() >= i and getPensja() < i + 100)) as c).(c + " PilkarzY zarabia  pomiedzy  " + i + " i " + i + 99) as message)
2015-02-20 20:07:06,847 INFO  [pl.wcislo.sbql4j.java.utils.SBQL4JStatement] Query after db4o index optimization: 
2015-02-20 20:07:06,847 INFO  [pl.wcislo.sbql4j.java.utils.SBQL4JStatement] dbConn.((0 as i close by (i + 100 where i <=  max(Pilkarz.getPensja())) as i join  count((Pilkarz where getPensja() >= i and getPensja() < i + 100)) as c).(c + " PilkarzY zarabia  pomiedzy  " + i + " i " + i + 99) as message)
2015-02-20 20:07:06,850 INFO  [pl.wcislo.sbql4j.java.utils.SBQL4JStatement] Query before optimization: 
2015-02-20 20:07:06,850 INFO  [pl.wcislo.sbql4j.java.utils.SBQL4JStatement] dbConn.((0 as i close by (i + 1 where i <=  max(PilkarzMecz.getIlosc_goli())) as i join  count((PilkarzMecz where getIlosc_goli() >= i and getIlosc_goli() < i + 1)) as c).(c + " PilkarzY  strzelilo goli  pomiedzy " + i + " i " + i + 1 + "golami") as message)
2015-02-20 20:07:06,854 INFO  [pl.wcislo.sbql4j.java.utils.SBQL4JStatement] Query after independent subqueries optimization: 
2015-02-20 20:07:06,854 INFO  [pl.wcislo.sbql4j.java.utils.SBQL4JStatement] dbConn.((0 as i close by (i + 1 where i <=  max(PilkarzMecz.getIlosc_goli())) as i join  count((PilkarzMecz where getIlosc_goli() >= i and getIlosc_goli() < i + 1)) as c).(c + " PilkarzY  strzelilo goli  pomiedzy " + i + " i " + i + 1 + "golami") as message)
2015-02-20 20:07:06,857 INFO  [pl.wcislo.sbql4j.java.utils.SBQL4JStatement] Query after db4o index optimization: 
2015-02-20 20:07:06,857 INFO  [pl.wcislo.sbql4j.java.utils.SBQL4JStatement] dbConn.((0 as i close by (i + 1 where i <=  max(PilkarzMecz.getIlosc_goli())) as i join  count((PilkarzMecz where getIlosc_goli() >= i and getIlosc_goli() < i + 1)) as c).(c + " PilkarzY  strzelilo goli  pomiedzy " + i + " i " + i + 1 + "golami") as message)
2015-02-20 20:07:06,860 INFO  [pl.wcislo.sbql4j.java.utils.SBQL4JStatement] Query before optimization: 
2015-02-20 20:07:06,860 INFO  [pl.wcislo.sbql4j.java.utils.SBQL4JStatement] dbConn.((0 as i close by (i + 1 where i <=  max(PilkarzMecz.getLiczba_czerwonych_kartek())) as i join  count((PilkarzMecz where getLiczba_czerwonych_kartek() >= i and getLiczba_czerwonych_kartek() < i + 1)) as c).(c + " Pilkarzy zdobylo czerwonych kartek  pomiedzy  " + i + " and " + i + 1) as message)
2015-02-20 20:07:06,862 INFO  [pl.wcislo.sbql4j.java.utils.SBQL4JStatement] Query after independent subqueries optimization: 
2015-02-20 20:07:06,862 INFO  [pl.wcislo.sbql4j.java.utils.SBQL4JStatement] dbConn.((0 as i close by (i + 1 where i <=  max(PilkarzMecz.getLiczba_czerwonych_kartek())) as i join  count((PilkarzMecz where getLiczba_czerwonych_kartek() >= i and getLiczba_czerwonych_kartek() < i + 1)) as c).(c + " Pilkarzy zdobylo czerwonych kartek  pomiedzy  " + i + " and " + i + 1) as message)
2015-02-20 20:07:06,865 INFO  [pl.wcislo.sbql4j.java.utils.SBQL4JStatement] Query after db4o index optimization: 
2015-02-20 20:07:06,865 INFO  [pl.wcislo.sbql4j.java.utils.SBQL4JStatement] dbConn.((0 as i close by (i + 1 where i <=  max(PilkarzMecz.getLiczba_czerwonych_kartek())) as i join  count((PilkarzMecz where getLiczba_czerwonych_kartek() >= i and getLiczba_czerwonych_kartek() < i + 1)) as c).(c + " Pilkarzy zdobylo czerwonych kartek  pomiedzy  " + i + " and " + i + 1) as message)
2015-02-20 20:07:06,868 INFO  [pl.wcislo.sbql4j.java.utils.SBQL4JStatement] Query before optimization: 
2015-02-20 20:07:06,868 INFO  [pl.wcislo.sbql4j.java.utils.SBQL4JStatement] dbConn.((0 as i close by (i + 100 where i <=  max(Trener.getPremia())) as i join  count((Trener where getPremia() >= i and getPremia() < i + 100)) as c).(c + " Trenerow uzyskuje premie pomiedzy  " + i + " i " + i + 100) as message)
2015-02-20 20:07:06,871 INFO  [pl.wcislo.sbql4j.java.utils.SBQL4JStatement] Query after independent subqueries optimization: 
2015-02-20 20:07:06,871 INFO  [pl.wcislo.sbql4j.java.utils.SBQL4JStatement] dbConn.((0 as i close by (i + 100 where i <=  max(Trener.getPremia())) as i join  count((Trener where getPremia() >= i and getPremia() < i + 100)) as c).(c + " Trenerow uzyskuje premie pomiedzy  " + i + " i " + i + 100) as message)
2015-02-20 20:07:06,874 INFO  [pl.wcislo.sbql4j.java.utils.SBQL4JStatement] Query after db4o index optimization: 
2015-02-20 20:07:06,874 INFO  [pl.wcislo.sbql4j.java.utils.SBQL4JStatement] dbConn.((0 as i close by (i + 100 where i <=  max(Trener.getPremia())) as i join  count((Trener where getPremia() >= i and getPremia() < i + 100)) as c).(c + " Trenerow uzyskuje premie pomiedzy  " + i + " i " + i + 100) as message)
2015-02-20 20:07:06,875 INFO  [pl.wcislo.sbql4j.java.utils.SBQL4JStatement] Query before optimization: 
2015-02-20 20:07:06,875 INFO  [pl.wcislo.sbql4j.java.utils.SBQL4JStatement] dbConn.Druzyna.getNazwa()
2015-02-20 20:07:06,876 INFO  [pl.wcislo.sbql4j.java.utils.SBQL4JStatement] Query after independent subqueries optimization: 
2015-02-20 20:07:06,876 INFO  [pl.wcislo.sbql4j.java.utils.SBQL4JStatement] dbConn.Druzyna.getNazwa()
2015-02-20 20:07:06,877 INFO  [pl.wcislo.sbql4j.java.utils.SBQL4JStatement] Query after db4o index optimization: 
2015-02-20 20:07:06,877 INFO  [pl.wcislo.sbql4j.java.utils.SBQL4JStatement] dbConn.Druzyna.getNazwa()
2015-02-20 20:07:06,878 INFO  [pl.wcislo.sbql4j.java.utils.SBQL4JStatement] Query before optimization: 
2015-02-20 20:07:06,878 INFO  [pl.wcislo.sbql4j.java.utils.SBQL4JStatement] dbConn.Oboz
2015-02-20 20:07:06,878 INFO  [pl.wcislo.sbql4j.java.utils.SBQL4JStatement] Query after independent subqueries optimization: 
2015-02-20 20:07:06,878 INFO  [pl.wcislo.sbql4j.java.utils.SBQL4JStatement] dbConn.Oboz
2015-02-20 20:07:06,879 INFO  [pl.wcislo.sbql4j.java.utils.SBQL4JStatement] Query after db4o index optimization: 
2015-02-20 20:07:06,879 INFO  [pl.wcislo.sbql4j.java.utils.SBQL4JStatement] dbConn.Oboz
2015-02-20 20:07:06,880 INFO  [pl.wcislo.sbql4j.java.utils.SBQL4JStatement] Query before optimization: 
2015-02-20 20:07:06,880 INFO  [pl.wcislo.sbql4j.java.utils.SBQL4JStatement] dbConn.( exists (Oboz as o) join Druzyna as d where d.getNazwa() == nazwadruzyny)
2015-02-20 20:07:06,882 INFO  [pl.wcislo.sbql4j.java.utils.SBQL4JStatement] Query after independent subqueries optimization: 
2015-02-20 20:07:06,882 INFO  [pl.wcislo.sbql4j.java.utils.SBQL4JStatement] dbConn.((Druzyna as d where d.getNazwa() == nazwadruzyny) group as _aux0).( exists (Oboz as o) join _aux0)
2015-02-20 20:07:06,884 INFO  [pl.wcislo.sbql4j.java.utils.SBQL4JStatement] Query after db4o index optimization: 
2015-02-20 20:07:06,884 INFO  [pl.wcislo.sbql4j.java.utils.SBQL4JStatement] dbConn.((Druzyna as d where d.getNazwa() == nazwadruzyny) group as _aux0).( exists (Oboz as o) join _aux0)
2015-02-20 20:07:06,885 INFO  [pl.wcislo.sbql4j.java.utils.SBQL4JStatement] Query before optimization: 
2015-02-20 20:07:06,885 INFO  [pl.wcislo.sbql4j.java.utils.SBQL4JStatement] dbConn.(Stroj as s join Druzyna as d where d.getNazwa() == nazwadruzyny)
2015-02-20 20:07:06,886 INFO  [pl.wcislo.sbql4j.java.utils.SBQL4JStatement] Query after independent subqueries optimization: 
2015-02-20 20:07:06,886 INFO  [pl.wcislo.sbql4j.java.utils.SBQL4JStatement] dbConn.((Druzyna as d where d.getNazwa() == nazwadruzyny) group as _aux0).(Stroj as s join _aux0)
2015-02-20 20:07:06,887 INFO  [pl.wcislo.sbql4j.java.utils.SBQL4JStatement] Query after db4o index optimization: 
2015-02-20 20:07:06,888 INFO  [pl.wcislo.sbql4j.java.utils.SBQL4JStatement] dbConn.((Druzyna as d where d.getNazwa() == nazwadruzyny) group as _aux0).(Stroj as s join _aux0)
2015-02-20 20:07:06,888 INFO  [pl.wcislo.sbql4j.java.utils.SBQL4JStatement] Query before optimization: 
2015-02-20 20:07:06,888 INFO  [pl.wcislo.sbql4j.java.utils.SBQL4JStatement] dbConn.(Zabieg as zabiegi join Pilkarz as pilkarz where zabiegi.getPilkarz() == pilkarz)
2015-02-20 20:07:06,891 INFO  [pl.wcislo.sbql4j.java.utils.SBQL4JStatement] Query after independent subqueries optimization: 
2015-02-20 20:07:06,891 INFO  [pl.wcislo.sbql4j.java.utils.SBQL4JStatement] dbConn.(Pilkarz as pilkarz group as _aux0).(Zabieg as zabiegi join (zabiegi.getPilkarz() group as _aux1).(_aux0 where _aux1 == pilkarz))
2015-02-20 20:07:06,893 INFO  [pl.wcislo.sbql4j.java.utils.SBQL4JStatement] Query after db4o index optimization: 
2015-02-20 20:07:06,893 INFO  [pl.wcislo.sbql4j.java.utils.SBQL4JStatement] dbConn.(Pilkarz as pilkarz group as _aux0).(Zabieg as zabiegi join (zabiegi.getPilkarz() group as _aux1).(_aux0 where _aux1 == pilkarz))
2015-02-20 20:07:06,894 INFO  [pl.wcislo.sbql4j.java.utils.SBQL4JStatement] Query before optimization: 
2015-02-20 20:07:06,894 INFO  [pl.wcislo.sbql4j.java.utils.SBQL4JStatement] dbConn.( all Druzyna as d  any d.getLista_zawodnikow() as e e.getPremia() == 0)
2015-02-20 20:07:06,895 INFO  [pl.wcislo.sbql4j.java.utils.SBQL4JStatement] Query after independent subqueries optimization: 
2015-02-20 20:07:06,895 INFO  [pl.wcislo.sbql4j.java.utils.SBQL4JStatement] dbConn.( all Druzyna as d  any d.getLista_zawodnikow() as e e.getPremia() == 0)
2015-02-20 20:07:06,896 INFO  [pl.wcislo.sbql4j.java.utils.SBQL4JStatement] Query after db4o index optimization: 
2015-02-20 20:07:06,896 INFO  [pl.wcislo.sbql4j.java.utils.SBQL4JStatement] dbConn.( all Druzyna as d  any d.getLista_zawodnikow() as e e.getPremia() == 0)
2015-02-20 20:07:06,897 INFO  [pl.wcislo.sbql4j.java.utils.SBQL4JStatement] Query before optimization: 
2015-02-20 20:07:06,898 INFO  [pl.wcislo.sbql4j.java.utils.SBQL4JStatement] dbConn.( all Druzyna as d  any d.getLista_zawodnikow() as e e.getWiek() > wiek2)
2015-02-20 20:07:06,898 INFO  [pl.wcislo.sbql4j.java.utils.SBQL4JStatement] Query after independent subqueries optimization: 
2015-02-20 20:07:06,898 INFO  [pl.wcislo.sbql4j.java.utils.SBQL4JStatement] dbConn.( all Druzyna as d  any d.getLista_zawodnikow() as e e.getWiek() > wiek2)
2015-02-20 20:07:06,900 INFO  [pl.wcislo.sbql4j.java.utils.SBQL4JStatement] Query after db4o index optimization: 
2015-02-20 20:07:06,900 INFO  [pl.wcislo.sbql4j.java.utils.SBQL4JStatement] dbConn.( all Druzyna as d  any d.getLista_zawodnikow() as e e.getWiek() > wiek2)
2015-02-20 20:07:06,903 INFO  [pl.wcislo.sbql4j.java.utils.SBQL4JStatement] Query before optimization: 
2015-02-20 20:07:06,903 INFO  [pl.wcislo.sbql4j.java.utils.SBQL4JStatement] dbConn.(Druzyna as d where  avg(d.getLista_zawodnikow().getWiek()) > 20 and  avg(d.getLista_zawodnikow().getWiek()) < 40 and  exists d.getLista_zawodnikow().getKontuzja())
2015-02-20 20:07:06,904 INFO  [pl.wcislo.sbql4j.java.utils.SBQL4JStatement] Query after independent subqueries optimization: 
2015-02-20 20:07:06,905 INFO  [pl.wcislo.sbql4j.java.utils.SBQL4JStatement] dbConn.(Druzyna as d where  avg(d.getLista_zawodnikow().getWiek()) > 20 and  avg(d.getLista_zawodnikow().getWiek()) < 40 and  exists d.getLista_zawodnikow().getKontuzja())
2015-02-20 20:07:06,909 INFO  [pl.wcislo.sbql4j.java.utils.SBQL4JStatement] Query after db4o index optimization: 
2015-02-20 20:07:06,909 INFO  [pl.wcislo.sbql4j.java.utils.SBQL4JStatement] dbConn.(Druzyna as d where  avg(d.getLista_zawodnikow().getWiek()) > 20 and  avg(d.getLista_zawodnikow().getWiek()) < 40 and  exists d.getLista_zawodnikow().getKontuzja())
2015-02-20 20:07:06,911 INFO  [pl.wcislo.sbql4j.java.utils.SBQL4JStatement] Query before optimization: 
2015-02-20 20:07:06,912 INFO  [pl.wcislo.sbql4j.java.utils.SBQL4JStatement] dbConn.(Druzyna as d where  avg(d.getLista_zawodnikow().getPremia()) > 20 and  avg(d.getLista_zawodnikow().getPremia()) < 40 and (d.getMecz().getNazwa_stadionu() in  unique Mecz.getNazwa_stadionu()))
2015-02-20 20:07:06,915 INFO  [pl.wcislo.sbql4j.java.utils.SBQL4JStatement] Query after independent subqueries optimization: 
2015-02-20 20:07:06,915 INFO  [pl.wcislo.sbql4j.java.utils.SBQL4JStatement] dbConn.( unique Mecz.getNazwa_stadionu() group as _aux0).(Druzyna as d where  avg(d.getLista_zawodnikow().getPremia()) > 20 and  avg(d.getLista_zawodnikow().getPremia()) < 40 and (d.getMecz().getNazwa_stadionu() in _aux0))
2015-02-20 20:07:06,918 INFO  [pl.wcislo.sbql4j.java.utils.SBQL4JStatement] Query after db4o index optimization: 
2015-02-20 20:07:06,918 INFO  [pl.wcislo.sbql4j.java.utils.SBQL4JStatement] dbConn.( unique Mecz.getNazwa_stadionu() group as _aux0).(Druzyna as d where  avg(d.getLista_zawodnikow().getPremia()) > 20 and  avg(d.getLista_zawodnikow().getPremia()) < 40 and (d.getMecz().getNazwa_stadionu() in _aux0))
2015-02-20 20:07:06,920 INFO  [pl.wcislo.sbql4j.java.utils.SBQL4JStatement] Query before optimization: 
2015-02-20 20:07:06,920 INFO  [pl.wcislo.sbql4j.java.utils.SBQL4JStatement] dbConn.(Druzyna as druz).(druz.getMiasto() as city, druz.getNazwa() as name).city
2015-02-20 20:07:06,921 INFO  [pl.wcislo.sbql4j.java.utils.SBQL4JStatement] Query after independent subqueries optimization: 
2015-02-20 20:07:06,921 INFO  [pl.wcislo.sbql4j.java.utils.SBQL4JStatement] dbConn.(Druzyna as druz).(druz.getMiasto() as city, druz.getNazwa() as name).city
2015-02-20 20:07:06,924 INFO  [pl.wcislo.sbql4j.java.utils.SBQL4JStatement] Query after db4o index optimization: 
2015-02-20 20:07:06,924 INFO  [pl.wcislo.sbql4j.java.utils.SBQL4JStatement] dbConn.(Druzyna as druz).(druz.getMiasto() as city, druz.getNazwa() as name).city
2015-02-20 20:07:06,925 INFO  [pl.wcislo.sbql4j.java.utils.SBQL4JStatement] Query before optimization: 
2015-02-20 20:07:06,925 INFO  [pl.wcislo.sbql4j.java.utils.SBQL4JStatement] dbConn.(PilkarzMecz where getIlosc_goli() == 5)
2015-02-20 20:07:06,926 INFO  [pl.wcislo.sbql4j.java.utils.SBQL4JStatement] Query after independent subqueries optimization: 
2015-02-20 20:07:06,926 INFO  [pl.wcislo.sbql4j.java.utils.SBQL4JStatement] dbConn.(PilkarzMecz where getIlosc_goli() == 5)
2015-02-20 20:07:06,927 INFO  [pl.wcislo.sbql4j.java.utils.SBQL4JStatement] Query after db4o index optimization: 
2015-02-20 20:07:06,927 INFO  [pl.wcislo.sbql4j.java.utils.SBQL4JStatement] dbConn.(PilkarzMecz where getIlosc_goli() == 5)
2015-02-20 20:07:06,928 INFO  [pl.wcislo.sbql4j.java.utils.SBQL4JStatement] Query before optimization: 
2015-02-20 20:07:06,928 INFO  [pl.wcislo.sbql4j.java.utils.SBQL4JStatement] dbConn.(Lekarz where getPremia() >  avg(Lekarz.getPremia()))
2015-02-20 20:07:06,930 INFO  [pl.wcislo.sbql4j.java.utils.SBQL4JStatement] Query after independent subqueries optimization: 
2015-02-20 20:07:06,930 INFO  [pl.wcislo.sbql4j.java.utils.SBQL4JStatement] dbConn.( avg(Lekarz.getPremia()) group as _aux0).(Lekarz where getPremia() > _aux0)
2015-02-20 20:07:06,932 INFO  [pl.wcislo.sbql4j.java.utils.SBQL4JStatement] Query after db4o index optimization: 
2015-02-20 20:07:06,932 INFO  [pl.wcislo.sbql4j.java.utils.SBQL4JStatement] dbConn.( avg(Lekarz.getPremia()) group as _aux0).(Lekarz where getPremia() > _aux0)
2015-02-20 20:07:06,933 INFO  [pl.wcislo.sbql4j.java.utils.SBQL4JStatement] Query before optimization: 
2015-02-20 20:07:06,933 INFO  [pl.wcislo.sbql4j.java.utils.SBQL4JStatement] dbConn.( count((Mecz where getDruzyna().getNazwa() == nazwadruzyny)))
2015-02-20 20:07:06,934 INFO  [pl.wcislo.sbql4j.java.utils.SBQL4JStatement] Query after independent subqueries optimization: 
2015-02-20 20:07:06,934 INFO  [pl.wcislo.sbql4j.java.utils.SBQL4JStatement] dbConn.( count((Mecz where getDruzyna().getNazwa() == nazwadruzyny)))
2015-02-20 20:07:06,935 INFO  [pl.wcislo.sbql4j.java.utils.SBQL4JStatement] Query after db4o index optimization: 
2015-02-20 20:07:06,935 INFO  [pl.wcislo.sbql4j.java.utils.SBQL4JStatement] dbConn.( count((Mecz where getDruzyna().getNazwa() == nazwadruzyny)))
2015-02-20 20:07:06,936 INFO  [pl.wcislo.sbql4j.java.utils.SBQL4JStatement] Query before optimization: 
2015-02-20 20:07:06,936 INFO  [pl.wcislo.sbql4j.java.utils.SBQL4JStatement] dbConn.( count((Mecz where getDruzyna().getNazwa() == nazwadruzyny2)))
2015-02-20 20:07:06,937 INFO  [pl.wcislo.sbql4j.java.utils.SBQL4JStatement] Query after independent subqueries optimization: 
2015-02-20 20:07:06,937 INFO  [pl.wcislo.sbql4j.java.utils.SBQL4JStatement] dbConn.( count((Mecz where getDruzyna().getNazwa() == nazwadruzyny2)))
2015-02-20 20:07:06,938 INFO  [pl.wcislo.sbql4j.java.utils.SBQL4JStatement] Query after db4o index optimization: 
2015-02-20 20:07:06,938 INFO  [pl.wcislo.sbql4j.java.utils.SBQL4JStatement] dbConn.( count((Mecz where getDruzyna().getNazwa() == nazwadruzyny2)))
2015-02-20 20:07:06,939 INFO  [pl.wcislo.sbql4j.java.utils.SBQL4JStatement] Query before optimization: 
2015-02-20 20:07:06,939 INFO  [pl.wcislo.sbql4j.java.utils.SBQL4JStatement] count1 == count2
2015-02-20 20:07:06,939 INFO  [pl.wcislo.sbql4j.java.utils.SBQL4JStatement] Query after independent subqueries optimization: 
2015-02-20 20:07:06,939 INFO  [pl.wcislo.sbql4j.java.utils.SBQL4JStatement] count1 == count2
2015-02-20 20:07:06,940 INFO  [pl.wcislo.sbql4j.java.utils.SBQL4JStatement] Query after db4o index optimization: 
2015-02-20 20:07:06,940 INFO  [pl.wcislo.sbql4j.java.utils.SBQL4JStatement] count1 == count2
2015-02-20 20:07:06,940 INFO  [pl.wcislo.sbql4j.java.utils.SBQL4JStatement] Query before optimization: 
2015-02-20 20:07:06,940 INFO  [pl.wcislo.sbql4j.java.utils.SBQL4JStatement] count1 != count2
2015-02-20 20:07:06,940 INFO  [pl.wcislo.sbql4j.java.utils.SBQL4JStatement] Query after independent subqueries optimization: 
2015-02-20 20:07:06,940 INFO  [pl.wcislo.sbql4j.java.utils.SBQL4JStatement] count1 != count2
2015-02-20 20:07:06,941 INFO  [pl.wcislo.sbql4j.java.utils.SBQL4JStatement] Query after db4o index optimization: 
2015-02-20 20:07:06,941 INFO  [pl.wcislo.sbql4j.java.utils.SBQL4JStatement] count1 != count2
2015-02-20 20:07:06,942 INFO  [pl.wcislo.sbql4j.java.utils.SBQL4JStatement] Query before optimization: 
2015-02-20 20:07:06,942 INFO  [pl.wcislo.sbql4j.java.utils.SBQL4JStatement] dbConn.Mecz.getDruzyna()
2015-02-20 20:07:06,942 INFO  [pl.wcislo.sbql4j.java.utils.SBQL4JStatement] Query after independent subqueries optimization: 
2015-02-20 20:07:06,942 INFO  [pl.wcislo.sbql4j.java.utils.SBQL4JStatement] dbConn.Mecz.getDruzyna()
2015-02-20 20:07:06,946 INFO  [pl.wcislo.sbql4j.java.utils.SBQL4JStatement] Query after db4o index optimization: 
2015-02-20 20:07:06,946 INFO  [pl.wcislo.sbql4j.java.utils.SBQL4JStatement] dbConn.Mecz.getDruzyna()
2015-02-20 20:07:06,947 INFO  [pl.wcislo.sbql4j.java.utils.SBQL4JStatement] Query before optimization: 
2015-02-20 20:07:06,947 INFO  [pl.wcislo.sbql4j.java.utils.SBQL4JStatement] dbConn.( count((Mecz where getDruzyna().getNazwa() == nazwadruzyny)))
2015-02-20 20:07:06,948 INFO  [pl.wcislo.sbql4j.java.utils.SBQL4JStatement] Query after independent subqueries optimization: 
2015-02-20 20:07:06,948 INFO  [pl.wcislo.sbql4j.java.utils.SBQL4JStatement] dbConn.( count((Mecz where getDruzyna().getNazwa() == nazwadruzyny)))
2015-02-20 20:07:06,950 INFO  [pl.wcislo.sbql4j.java.utils.SBQL4JStatement] Query after db4o index optimization: 
2015-02-20 20:07:06,950 INFO  [pl.wcislo.sbql4j.java.utils.SBQL4JStatement] dbConn.( count((Mecz where getDruzyna().getNazwa() == nazwadruzyny)))
2015-02-20 20:07:06,952 INFO  [pl.wcislo.sbql4j.java.preprocessor.PreprocessorRun] Sucessfully preprocessed task
2015-02-20 20:07:07,038 INFO  [pl.wcislo.sbql4j.java.preprocessor.PreprocessorRun] Creating java file: .\dist\pl\wcislo\sbql4j\javac\test\football\query\KORQueries.java
2015-02-20 20:07:07,061 INFO  [de.hunsicker.jalopy.io] FILE_PARSE
2015-02-20 20:07:07,077 INFO  [de.hunsicker.jalopy.transform] TRANS_IMP_REMOVE_DUPLICATE
2015-02-20 20:07:07,113 INFO  [de.hunsicker.jalopy.io] FILE_PARSE
2015-02-20 20:07:07,127 INFO  [de.hunsicker.jalopy.transform] TRANS_IMP_REMOVE_DUPLICATE
2015-02-20 20:07:07,162 INFO  [de.hunsicker.jalopy.io] FILE_PARSE
2015-02-20 20:07:07,164 INFO  [de.hunsicker.jalopy.transform] TRANS_IMP_REMOVE_DUPLICATE
2015-02-20 20:07:07,171 INFO  [de.hunsicker.jalopy.io] FILE_PARSE
2015-02-20 20:07:07,176 INFO  [de.hunsicker.jalopy.transform] TRANS_IMP_REMOVE_DUPLICATE
2015-02-20 20:07:07,191 INFO  [de.hunsicker.jalopy.io] FILE_PARSE
2015-02-20 20:07:07,192 INFO  [de.hunsicker.jalopy.transform] TRANS_IMP_REMOVE_DUPLICATE
2015-02-20 20:07:07,200 INFO  [de.hunsicker.jalopy.io] FILE_PARSE
2015-02-20 20:07:07,206 INFO  [de.hunsicker.jalopy.transform] TRANS_IMP_REMOVE_DUPLICATE
2015-02-20 20:07:07,222 INFO  [de.hunsicker.jalopy.io] FILE_PARSE
2015-02-20 20:07:07,224 INFO  [de.hunsicker.jalopy.transform] TRANS_IMP_REMOVE_DUPLICATE
2015-02-20 20:07:07,232 INFO  [de.hunsicker.jalopy.io] FILE_PARSE
2015-02-20 20:07:07,236 INFO  [de.hunsicker.jalopy.transform] TRANS_IMP_REMOVE_DUPLICATE
2015-02-20 20:07:07,248 INFO  [de.hunsicker.jalopy.io] FILE_PARSE
2015-02-20 20:07:07,249 INFO  [de.hunsicker.jalopy.transform] TRANS_IMP_REMOVE_DUPLICATE
2015-02-20 20:07:07,256 INFO  [de.hunsicker.jalopy.io] FILE_PARSE
2015-02-20 20:07:07,259 INFO  [de.hunsicker.jalopy.transform] TRANS_IMP_REMOVE_DUPLICATE
2015-02-20 20:07:07,267 INFO  [de.hunsicker.jalopy.io] FILE_PARSE
2015-02-20 20:07:07,268 INFO  [de.hunsicker.jalopy.transform] TRANS_IMP_REMOVE_DUPLICATE
2015-02-20 20:07:07,275 INFO  [de.hunsicker.jalopy.io] FILE_PARSE
2015-02-20 20:07:07,280 INFO  [de.hunsicker.jalopy.transform] TRANS_IMP_REMOVE_DUPLICATE
2015-02-20 20:07:07,296 INFO  [de.hunsicker.jalopy.io] FILE_PARSE
2015-02-20 20:07:07,298 INFO  [de.hunsicker.jalopy.transform] TRANS_IMP_REMOVE_DUPLICATE
2015-02-20 20:07:07,304 INFO  [de.hunsicker.jalopy.io] FILE_PARSE
2015-02-20 20:07:07,308 INFO  [de.hunsicker.jalopy.transform] TRANS_IMP_REMOVE_DUPLICATE
2015-02-20 20:07:07,318 INFO  [de.hunsicker.jalopy.io] FILE_PARSE
2015-02-20 20:07:07,320 INFO  [de.hunsicker.jalopy.transform] TRANS_IMP_REMOVE_DUPLICATE
2015-02-20 20:07:07,327 INFO  [de.hunsicker.jalopy.io] FILE_PARSE
2015-02-20 20:07:07,333 INFO  [de.hunsicker.jalopy.transform] TRANS_IMP_REMOVE_DUPLICATE
2015-02-20 20:07:07,353 INFO  [de.hunsicker.jalopy.io] FILE_PARSE
2015-02-20 20:07:07,354 INFO  [de.hunsicker.jalopy.transform] TRANS_IMP_REMOVE_DUPLICATE
2015-02-20 20:07:07,360 INFO  [de.hunsicker.jalopy.io] FILE_PARSE
2015-02-20 20:07:07,363 INFO  [de.hunsicker.jalopy.transform] TRANS_IMP_REMOVE_DUPLICATE
2015-02-20 20:07:07,373 INFO  [de.hunsicker.jalopy.io] FILE_PARSE
2015-02-20 20:07:07,375 INFO  [de.hunsicker.jalopy.transform] TRANS_IMP_REMOVE_DUPLICATE
2015-02-20 20:07:07,381 INFO  [de.hunsicker.jalopy.io] FILE_PARSE
2015-02-20 20:07:07,386 INFO  [de.hunsicker.jalopy.transform] TRANS_IMP_REMOVE_DUPLICATE
2015-02-20 20:07:07,399 INFO  [de.hunsicker.jalopy.io] FILE_PARSE
2015-02-20 20:07:07,400 INFO  [de.hunsicker.jalopy.transform] TRANS_IMP_REMOVE_DUPLICATE
2015-02-20 20:07:07,406 INFO  [de.hunsicker.jalopy.io] FILE_PARSE
2015-02-20 20:07:07,407 INFO  [de.hunsicker.jalopy.transform] TRANS_IMP_REMOVE_DUPLICATE
2015-02-20 20:07:07,414 INFO  [de.hunsicker.jalopy.io] FILE_PARSE
2015-02-20 20:07:07,415 INFO  [de.hunsicker.jalopy.transform] TRANS_IMP_REMOVE_DUPLICATE
2015-02-20 20:07:07,422 INFO  [de.hunsicker.jalopy.io] FILE_PARSE
2015-02-20 20:07:07,424 INFO  [de.hunsicker.jalopy.transform] TRANS_IMP_REMOVE_DUPLICATE
2015-02-20 20:07:07,431 INFO  [de.hunsicker.jalopy.io] FILE_PARSE
2015-02-20 20:07:07,432 INFO  [de.hunsicker.jalopy.transform] TRANS_IMP_REMOVE_DUPLICATE
2015-02-20 20:07:07,438 INFO  [de.hunsicker.jalopy.io] FILE_PARSE
2015-02-20 20:07:07,439 INFO  [de.hunsicker.jalopy.transform] TRANS_IMP_REMOVE_DUPLICATE
2015-02-20 20:07:07,447 INFO  [de.hunsicker.jalopy.io] FILE_PARSE
2015-02-20 20:07:07,448 INFO  [de.hunsicker.jalopy.transform] TRANS_IMP_REMOVE_DUPLICATE
2015-02-20 20:07:07,453 INFO  [de.hunsicker.jalopy.io] FILE_PARSE
2015-02-20 20:07:07,455 INFO  [de.hunsicker.jalopy.transform] TRANS_IMP_REMOVE_DUPLICATE
2015-02-20 20:07:07,463 INFO  [de.hunsicker.jalopy.io] FILE_PARSE
2015-02-20 20:07:07,464 INFO  [de.hunsicker.jalopy.transform] TRANS_IMP_REMOVE_DUPLICATE
2015-02-20 20:07:07,471 INFO  [de.hunsicker.jalopy.io] FILE_PARSE
2015-02-20 20:07:07,472 INFO  [de.hunsicker.jalopy.transform] TRANS_IMP_REMOVE_DUPLICATE
2015-02-20 20:07:07,481 INFO  [de.hunsicker.jalopy.io] FILE_PARSE
2015-02-20 20:07:07,482 INFO  [de.hunsicker.jalopy.transform] TRANS_IMP_REMOVE_DUPLICATE
2015-02-20 20:07:07,489 INFO  [de.hunsicker.jalopy.io] FILE_PARSE
2015-02-20 20:07:07,490 INFO  [de.hunsicker.jalopy.transform] TRANS_IMP_REMOVE_DUPLICATE
2015-02-20 20:07:07,498 INFO  [de.hunsicker.jalopy.io] FILE_PARSE
2015-02-20 20:07:07,499 INFO  [de.hunsicker.jalopy.transform] TRANS_IMP_REMOVE_DUPLICATE
2015-02-20 20:07:07,505 INFO  [de.hunsicker.jalopy.io] FILE_PARSE
2015-02-20 20:07:07,506 INFO  [de.hunsicker.jalopy.transform] TRANS_IMP_REMOVE_DUPLICATE
2015-02-20 20:07:07,514 INFO  [de.hunsicker.jalopy.io] FILE_PARSE
2015-02-20 20:07:07,514 INFO  [de.hunsicker.jalopy.transform] TRANS_IMP_REMOVE_DUPLICATE
2015-02-20 20:07:07,520 INFO  [de.hunsicker.jalopy.io] FILE_PARSE
2015-02-20 20:07:07,521 INFO  [de.hunsicker.jalopy.transform] TRANS_IMP_REMOVE_DUPLICATE
2015-02-20 20:07:07,527 INFO  [de.hunsicker.jalopy.io] FILE_PARSE
2015-02-20 20:07:07,529 INFO  [de.hunsicker.jalopy.transform] TRANS_IMP_REMOVE_DUPLICATE
2015-02-20 20:07:07,534 INFO  [de.hunsicker.jalopy.io] FILE_PARSE
2015-02-20 20:07:07,537 INFO  [de.hunsicker.jalopy.transform] TRANS_IMP_REMOVE_DUPLICATE
2015-02-20 20:07:07,546 INFO  [de.hunsicker.jalopy.io] FILE_PARSE
2015-02-20 20:07:07,547 INFO  [de.hunsicker.jalopy.transform] TRANS_IMP_REMOVE_DUPLICATE
2015-02-20 20:07:07,554 INFO  [de.hunsicker.jalopy.io] FILE_PARSE
2015-02-20 20:07:07,559 INFO  [de.hunsicker.jalopy.transform] TRANS_IMP_REMOVE_DUPLICATE
2015-02-20 20:07:07,573 INFO  [de.hunsicker.jalopy.io] FILE_PARSE
2015-02-20 20:07:07,574 INFO  [de.hunsicker.jalopy.transform] TRANS_IMP_REMOVE_DUPLICATE
2015-02-20 20:07:07,581 INFO  [de.hunsicker.jalopy.io] FILE_PARSE
2015-02-20 20:07:07,585 INFO  [de.hunsicker.jalopy.transform] TRANS_IMP_REMOVE_DUPLICATE
2015-02-20 20:07:07,602 INFO  [de.hunsicker.jalopy.io] FILE_PARSE
2015-02-20 20:07:07,603 INFO  [de.hunsicker.jalopy.transform] TRANS_IMP_REMOVE_DUPLICATE
2015-02-20 20:07:07,609 INFO  [de.hunsicker.jalopy.io] FILE_PARSE
2015-02-20 20:07:07,611 INFO  [de.hunsicker.jalopy.transform] TRANS_IMP_REMOVE_DUPLICATE
2015-02-20 20:07:07,623 INFO  [de.hunsicker.jalopy.io] FILE_PARSE
2015-02-20 20:07:07,624 INFO  [de.hunsicker.jalopy.transform] TRANS_IMP_REMOVE_DUPLICATE
2015-02-20 20:07:07,630 INFO  [de.hunsicker.jalopy.io] FILE_PARSE
2015-02-20 20:07:07,635 INFO  [de.hunsicker.jalopy.transform] TRANS_IMP_REMOVE_DUPLICATE
2015-02-20 20:07:07,687 INFO  [de.hunsicker.jalopy.io] FILE_PARSE
2015-02-20 20:07:07,688 INFO  [de.hunsicker.jalopy.transform] TRANS_IMP_REMOVE_DUPLICATE
2015-02-20 20:07:07,694 INFO  [de.hunsicker.jalopy.io] FILE_PARSE
2015-02-20 20:07:07,697 INFO  [de.hunsicker.jalopy.transform] TRANS_IMP_REMOVE_DUPLICATE
2015-02-20 20:07:07,711 INFO  [de.hunsicker.jalopy.io] FILE_PARSE
2015-02-20 20:07:07,712 INFO  [de.hunsicker.jalopy.transform] TRANS_IMP_REMOVE_DUPLICATE
2015-02-20 20:07:07,717 INFO  [de.hunsicker.jalopy.io] FILE_PARSE
2015-02-20 20:07:07,718 INFO  [de.hunsicker.jalopy.transform] TRANS_IMP_REMOVE_DUPLICATE
2015-02-20 20:07:07,724 INFO  [de.hunsicker.jalopy.io] FILE_PARSE
2015-02-20 20:07:07,725 INFO  [de.hunsicker.jalopy.transform] TRANS_IMP_REMOVE_DUPLICATE
2015-02-20 20:07:07,731 INFO  [de.hunsicker.jalopy.io] FILE_PARSE
2015-02-20 20:07:07,732 INFO  [de.hunsicker.jalopy.transform] TRANS_IMP_REMOVE_DUPLICATE
2015-02-20 20:07:07,739 INFO  [de.hunsicker.jalopy.io] FILE_PARSE
2015-02-20 20:07:07,739 INFO  [de.hunsicker.jalopy.transform] TRANS_IMP_REMOVE_DUPLICATE
2015-02-20 20:07:07,745 INFO  [de.hunsicker.jalopy.io] FILE_PARSE
2015-02-20 20:07:07,747 INFO  [de.hunsicker.jalopy.transform] TRANS_IMP_REMOVE_DUPLICATE
2015-02-20 20:07:07,757 INFO  [de.hunsicker.jalopy.io] FILE_PARSE
2015-02-20 20:07:07,758 INFO  [de.hunsicker.jalopy.transform] TRANS_IMP_REMOVE_DUPLICATE
2015-02-20 20:07:07,765 INFO  [de.hunsicker.jalopy.io] FILE_PARSE
2015-02-20 20:07:07,767 INFO  [de.hunsicker.jalopy.transform] TRANS_IMP_REMOVE_DUPLICATE
2015-02-20 20:07:07,776 INFO  [de.hunsicker.jalopy.io] FILE_PARSE
2015-02-20 20:07:07,777 INFO  [de.hunsicker.jalopy.transform] TRANS_IMP_REMOVE_DUPLICATE
2015-02-20 20:07:07,782 INFO  [de.hunsicker.jalopy.io] FILE_PARSE
2015-02-20 20:07:07,784 INFO  [de.hunsicker.jalopy.transform] TRANS_IMP_REMOVE_DUPLICATE
2015-02-20 20:07:07,793 INFO  [de.hunsicker.jalopy.io] FILE_PARSE
2015-02-20 20:07:07,794 INFO  [de.hunsicker.jalopy.transform] TRANS_IMP_REMOVE_DUPLICATE
2015-02-20 20:07:07,801 INFO  [de.hunsicker.jalopy.io] FILE_PARSE
2015-02-20 20:07:07,802 INFO  [de.hunsicker.jalopy.transform] TRANS_IMP_REMOVE_DUPLICATE
2015-02-20 20:07:07,813 INFO  [de.hunsicker.jalopy.io] FILE_PARSE
2015-02-20 20:07:07,814 INFO  [de.hunsicker.jalopy.transform] TRANS_IMP_REMOVE_DUPLICATE
2015-02-20 20:07:07,823 INFO  [de.hunsicker.jalopy.io] FILE_PARSE
2015-02-20 20:07:07,824 INFO  [de.hunsicker.jalopy.transform] TRANS_IMP_REMOVE_DUPLICATE
2015-02-20 20:07:07,833 INFO  [de.hunsicker.jalopy.io] FILE_PARSE
2015-02-20 20:07:07,833 INFO  [de.hunsicker.jalopy.transform] TRANS_IMP_REMOVE_DUPLICATE
2015-02-20 20:07:07,839 INFO  [de.hunsicker.jalopy.io] FILE_PARSE
2015-02-20 20:07:07,842 INFO  [de.hunsicker.jalopy.transform] TRANS_IMP_REMOVE_DUPLICATE
2015-02-20 20:07:07,853 INFO  [de.hunsicker.jalopy.io] FILE_PARSE
2015-02-20 20:07:07,854 INFO  [de.hunsicker.jalopy.transform] TRANS_IMP_REMOVE_DUPLICATE
2015-02-20 20:07:07,860 INFO  [de.hunsicker.jalopy.io] FILE_PARSE
2015-02-20 20:07:07,863 INFO  [de.hunsicker.jalopy.transform] TRANS_IMP_REMOVE_DUPLICATE
2015-02-20 20:07:07,876 INFO  [de.hunsicker.jalopy.io] FILE_PARSE
2015-02-20 20:07:07,877 INFO  [de.hunsicker.jalopy.transform] TRANS_IMP_REMOVE_DUPLICATE
2015-02-20 20:07:07,882 INFO  [de.hunsicker.jalopy.io] FILE_PARSE
2015-02-20 20:07:07,883 INFO  [de.hunsicker.jalopy.transform] TRANS_IMP_REMOVE_DUPLICATE
2015-02-20 20:07:07,891 INFO  [de.hunsicker.jalopy.io] FILE_PARSE
2015-02-20 20:07:07,891 INFO  [de.hunsicker.jalopy.transform] TRANS_IMP_REMOVE_DUPLICATE
2015-02-20 20:07:07,897 INFO  [de.hunsicker.jalopy.io] FILE_PARSE
2015-02-20 20:07:07,898 INFO  [de.hunsicker.jalopy.transform] TRANS_IMP_REMOVE_DUPLICATE
2015-02-20 20:07:07,904 INFO  [de.hunsicker.jalopy.io] FILE_PARSE
2015-02-20 20:07:07,905 INFO  [de.hunsicker.jalopy.transform] TRANS_IMP_REMOVE_DUPLICATE
2015-02-20 20:07:07,911 INFO  [de.hunsicker.jalopy.io] FILE_PARSE
2015-02-20 20:07:07,913 INFO  [de.hunsicker.jalopy.transform] TRANS_IMP_REMOVE_DUPLICATE
2015-02-20 20:07:07,921 INFO  [de.hunsicker.jalopy.io] FILE_PARSE
2015-02-20 20:07:07,922 INFO  [de.hunsicker.jalopy.transform] TRANS_IMP_REMOVE_DUPLICATE
2015-02-20 20:07:07,929 INFO  [de.hunsicker.jalopy.io] FILE_PARSE
2015-02-20 20:07:07,931 INFO  [de.hunsicker.jalopy.transform] TRANS_IMP_REMOVE_DUPLICATE
2015-02-20 20:07:07,938 INFO  [de.hunsicker.jalopy.io] FILE_PARSE
2015-02-20 20:07:07,939 INFO  [de.hunsicker.jalopy.transform] TRANS_IMP_REMOVE_DUPLICATE
2015-02-20 20:07:07,945 INFO  [de.hunsicker.jalopy.io] FILE_PARSE
2015-02-20 20:07:07,946 INFO  [de.hunsicker.jalopy.transform] TRANS_IMP_REMOVE_DUPLICATE
2015-02-20 20:07:07,953 INFO  [de.hunsicker.jalopy.io] FILE_PARSE
2015-02-20 20:07:07,954 INFO  [de.hunsicker.jalopy.transform] TRANS_IMP_REMOVE_DUPLICATE
2015-02-20 20:07:07,994 INFO  [de.hunsicker.jalopy.io] FILE_PARSE
2015-02-20 20:07:07,995 INFO  [de.hunsicker.jalopy.transform] TRANS_IMP_REMOVE_DUPLICATE
2015-02-20 20:07:08,000 INFO  [de.hunsicker.jalopy.io] FILE_PARSE
2015-02-20 20:07:08,001 INFO  [de.hunsicker.jalopy.transform] TRANS_IMP_REMOVE_DUPLICATE
2015-02-20 20:07:08,007 INFO  [de.hunsicker.jalopy.io] FILE_PARSE
2015-02-20 20:07:08,008 INFO  [de.hunsicker.jalopy.transform] TRANS_IMP_REMOVE_DUPLICATE
2015-02-20 20:07:08,014 INFO  [de.hunsicker.jalopy.io] FILE_PARSE
2015-02-20 20:07:08,015 INFO  [de.hunsicker.jalopy.transform] TRANS_IMP_REMOVE_DUPLICATE
2015-02-20 20:07:08,022 INFO  [de.hunsicker.jalopy.io] FILE_PARSE
2015-02-20 20:07:08,024 INFO  [de.hunsicker.jalopy.transform] TRANS_IMP_REMOVE_DUPLICATE
2015-02-20 20:07:08,028 INFO  [pl.wcislo.sbql4j.java.preprocessor.PreprocessorRun] Sucessfully writed 1 files
